Using pre-set license
Built from '2020.3/china_unity/release' branch; Version is '2020.3.32f1c1 (76260b79758e) revision 7742987'; Using compiler version '192528614'; Build Type 'Release'
OS: 'Windows 11  (10.0.22631) 64bit CoreCountrySpecific' Language: 'zh' Physical Memory: 16110 MB
BatchMode: 1, IsHumanControllingUs: 0, StartBugReporterOnCrash: 0, Is64bit: 1, IsPro: 0

COMMAND LINE ARGUMENTS:
F:\Unity 2023.1.16f1c1\2020.3.32f1c1\Editor\Unity.exe
-adb2
-batchMode
-noUpm
-name
AssetImportWorker2
-projectPath
E:/Desktop/jynew/jyx2
-logFile
Logs/AssetImportWorker2.log
-srvPort
50341
Successfully changed project path to: E:/Desktop/jynew/jyx2
E:/Desktop/jynew/jyx2
Using Asset Import Pipeline V2.
AS: AutoStreaming module initializing.Refreshing native plugins compatible for Editor in 270.03 ms, found 5 plugins.
Preloading 0 native plugins for Editor in 0.00 ms.
Initialize engine version: 2020.3.32f1c1 (76260b79758e)
[Subsystems] Discovering subsystems at path F:/Unity 2023.1.16f1c1/2020.3.32f1c1/Editor/Data/Resources/UnitySubsystems
[Subsystems] Discovering subsystems at path E:/Desktop/jynew/jyx2/Assets
GfxDevice: creating device client; threaded=0
Direct3D:
    Version:  Direct3D 11.0 [level 11.1]
    Renderer: NVIDIA GeForce RTX 3050 Ti Laptop GPU (ID=0x25a0)
    Vendor:   
    VRAM:     3962 MB
    Driver:   32.0.15.5612
Shader 'MTE/Specialized/Mali 400/Surface/3 Textures/Bumped': fallback shader 'MTE/Specialized/Mali 400/Legacy/3 Textures/Diffuse' not found
Shader 'Easy Decal/ED Standard (Specular, Vertex Alpha, Cutoff)': fallback shader 'Transparent' not found
Shader 'Easy Decal/ED Standard (Specular, Vertex Alpha)': fallback shader 'Transparent' not found
Shader 'Lightbeam/Lightbeam Detail': fallback shader 'Lightbeam/Lightbeam' not found
Shader 'Easy Decal/ED Standard (Metallic, Vertex Alpha)': fallback shader 'Transparent' not found
Shader 'MTE/Specialized/Mali 400/Surface/2 Textures/Bumped': fallback shader 'MTE/Specialized/Mali 400/Legacy/2 Textures/Diffuse' not found
Shader 'Easy Decal/ED Standard (Metallic, Vertex Alpha, Cutoff)': fallback shader 'Transparent' not found
Initialize mono
Mono path[0] = 'F:/Unity 2023.1.16f1c1/2020.3.32f1c1/Editor/Data/Managed'
Mono path[1] = 'F:/Unity 2023.1.16f1c1/2020.3.32f1c1/Editor/Data/MonoBleedingEdge/lib/mono/unityjit'
Mono config path = 'F:/Unity 2023.1.16f1c1/2020.3.32f1c1/Editor/Data/MonoBleedingEdge/etc'
Using monoOptions --debugger-agent=transport=dt_socket,embedding=1,server=y,suspend=n,address=127.0.0.1:56508
Begin MonoManager ReloadAssembly
Registering precompiled unity dll's ...
Register platform support module: F:/Unity 2023.1.16f1c1/2020.3.32f1c1/Editor/Data/PlaybackEngines/WindowsStandaloneSupport/UnityEditor.WindowsStandalone.Extensions.dll
Registered in 0.000651 seconds.
Native extension for WindowsStandalone target not found
Refreshing native plugins compatible for Editor in 247.14 ms, found 5 plugins.
Preloading 0 native plugins for Editor in 0.00 ms.
Mono: successfully reloaded assembly
- Completed reload, in  0.664 seconds
Domain Reload Profiling:
	ReloadAssembly (664ms)
		BeginReloadAssembly (43ms)
			ExecutionOrderSort (0ms)
			DisableScriptedObjects (0ms)
			BackupInstance (0ms)
			ReleaseScriptingObjects (0ms)
			CreateAndSetChildDomain (1ms)
		EndReloadAssembly (569ms)
			LoadAssemblies (42ms)
			RebuildTransferFunctionScriptingTraits (0ms)
			SetupTypeCache (111ms)
			ReleaseScriptCaches (0ms)
			RebuildScriptCaches (23ms)
			SetupLoadedEditorAssemblies (344ms)
				LogAssemblyErrors (0ms)
				InitializePlatformSupportModulesInManaged (3ms)
				SetLoadedEditorAssemblies (0ms)
				RefreshPlugins (247ms)
				BeforeProcessingInitializeOnLoad (10ms)
				ProcessInitializeOnLoadAttributes (62ms)
				ProcessInitializeOnLoadMethodAttributes (22ms)
				AfterProcessingInitializeOnLoad (0ms)
				EditorAssembliesLoaded (0ms)
			ExecutionOrderSort2 (0ms)
			AwakeInstancesAfterBackupRestoration (0ms)
Platform modules already initialized, skipping
Registering precompiled user dll's ...
Registered in 0.010938 seconds.
Begin MonoManager ReloadAssembly
Symbol file LoadedFromMemory doesn't match image E:\Desktop\jynew\jyx2\Library\PackageCache\com.unity.collab-proxy@1.15.15\Lib\Editor\PlasticSCM\unityplastic.dll
Native extension for WindowsStandalone target not found
Refreshing native plugins compatible for Editor in 255.82 ms, found 5 plugins.
Preloading 0 native plugins for Editor in 0.00 ms.
Initializing Mesh Terrain Editor v4.0.0b1 on Unity 2020.3.32f1c1...
UnityEngine.StackTraceUtility:ExtractStackTrace ()
UnityEngine.DebugLogHandler:LogFormat (UnityEngine.LogType,UnityEngine.Object,string,object[])
UnityEngine.Logger:Log (UnityEngine.LogType,object)
UnityEngine.Debug:Log (object)
_4Lx0bEMlh0Z40TCezoxVJOBfdgU_:⁬⁯‫⁮​‍⁯‏‭‪​‭‌⁯‫‏‫⁫‪‬‎⁪‍⁭‪‮‎‭‭‫‭​⁬⁭‬⁭‏‬‏‎‮ (object)
_4Lx0bEMlh0Z40TCezoxVJOBfdgU_:_BK57FowBFxgwhLd64I4lOTbiX2B_ (bool)
_4Lx0bEMlh0Z40TCezoxVJOBfdgU_:_yZ0KkA7QWoBI4owQXGQsH7mtOid_ ()
_4Lx0bEMlh0Z40TCezoxVJOBfdgU_:.cctor ()
System.Runtime.CompilerServices.RuntimeHelpers:RunClassConstructor (System.RuntimeTypeHandle)
UnityEditor.EditorAssemblies:ProcessInitializeOnLoadAttributes (System.Type[])

Initializing Mesh Terrain Editor...Done
UnityEngine.StackTraceUtility:ExtractStackTrace ()
UnityEngine.DebugLogHandler:LogFormat (UnityEngine.LogType,UnityEngine.Object,string,object[])
UnityEngine.Logger:Log (UnityEngine.LogType,object)
UnityEngine.Debug:Log (object)
_4Lx0bEMlh0Z40TCezoxVJOBfdgU_:⁬⁯‫⁮​‍⁯‏‭‪​‭‌⁯‫‏‫⁫‪‬‎⁪‍⁭‪‮‎‭‭‫‭​⁬⁭‬⁭‏‬‏‎‮ (object)
_4Lx0bEMlh0Z40TCezoxVJOBfdgU_:_BK57FowBFxgwhLd64I4lOTbiX2B_ (bool)
_4Lx0bEMlh0Z40TCezoxVJOBfdgU_:_yZ0KkA7QWoBI4owQXGQsH7mtOid_ ()
_4Lx0bEMlh0Z40TCezoxVJOBfdgU_:.cctor ()
System.Runtime.CompilerServices.RuntimeHelpers:RunClassConstructor (System.RuntimeTypeHandle)
UnityEditor.EditorAssemblies:ProcessInitializeOnLoadAttributes (System.Type[])

Could not parse minor part '3' of Unity version '2020.3.32f1c1'.
Mono: successfully reloaded assembly
- Completed reload, in  5.766 seconds
Domain Reload Profiling:
	ReloadAssembly (5773ms)
		BeginReloadAssembly (115ms)
			ExecutionOrderSort (0ms)
			DisableScriptedObjects (3ms)
			BackupInstance (0ms)
			ReleaseScriptingObjects (0ms)
			CreateAndSetChildDomain (17ms)
		EndReloadAssembly (5614ms)
			LoadAssemblies (888ms)
			RebuildTransferFunctionScriptingTraits (0ms)
			SetupTypeCache (462ms)
			ReleaseScriptCaches (1ms)
			RebuildScriptCaches (117ms)
			SetupLoadedEditorAssemblies (4005ms)
				LogAssemblyErrors (0ms)
				InitializePlatformSupportModulesInManaged (2ms)
				SetLoadedEditorAssemblies (0ms)
				RefreshPlugins (256ms)
				BeforeProcessingInitializeOnLoad (117ms)
				ProcessInitializeOnLoadAttributes (3286ms)
				ProcessInitializeOnLoadMethodAttributes (342ms)
				AfterProcessingInitializeOnLoad (1ms)
				EditorAssembliesLoaded (0ms)
			ExecutionOrderSort2 (0ms)
			AwakeInstancesAfterBackupRestoration (5ms)
Platform modules already initialized, skipping
========================================================================
Worker process is ready to serve import requests
Shader 'GPUInstancer/MK/Toon/Free': fallback shader 'Hidden/GPUInstancer/MK/Toon/FreeMobile' not found
WARNING: Shader Unsupported: 'GPUInstancer/MK/Toon/Free' - All subshaders removed
WARNING: Shader Did you use #pragma only_renderers and omit this platform?
WARNING: Shader If subshaders removal was intentional, you may have forgotten turning Fallback off?
WARNING: Shader Unsupported: 'GPUInstancer/MK/Toon/Free' - All subshaders removed
WARNING: Shader Did you use #pragma only_renderers and omit this platform?
WARNING: Shader If subshaders removal was intentional, you may have forgotten turning Fallback off?
Shader 'GPUInstancer/Lightbeam/Lightbeam Detail': fallback shader 'Lightbeam/Lightbeam' not found
WARNING: Shader Unsupported: 'GPUInstancer/Lightbeam/Lightbeam Detail' - All subshaders removed
WARNING: Shader Did you use #pragma only_renderers and omit this platform?
WARNING: Shader If subshaders removal was intentional, you may have forgotten turning Fallback off?
WARNING: Shader Unsupported: 'GPUInstancer/Lightbeam/Lightbeam Detail' - All subshaders removed
WARNING: Shader Did you use #pragma only_renderers and omit this platform?
WARNING: Shader If subshaders removal was intentional, you may have forgotten turning Fallback off?
Shader 'MTE/Specialized/Mali 400/Surface/3 Textures/Bumped': fallback shader 'MTE/Specialized/Mali 400/Legacy/3 Textures/Diffuse' not found
Shader 'Easy Decal/ED Standard (Metallic, Vertex Alpha, Cutoff)': fallback shader 'Transparent' not found
Shader 'MTE/Specialized/Mali 400/Surface/2 Textures/Bumped': fallback shader 'MTE/Specialized/Mali 400/Legacy/2 Textures/Diffuse' not found
Shader 'Easy Decal/ED Standard (Metallic, Vertex Alpha)': fallback shader 'Transparent' not found
Shader 'Easy Decal/ED Standard (Specular, Vertex Alpha, Cutoff)': fallback shader 'Transparent' not found
Shader 'Easy Decal/ED Standard (Specular, Vertex Alpha)': fallback shader 'Transparent' not found
Shader 'GPUInstancer/MK/Toon/Free': fallback shader 'Hidden/GPUInstancer/MK/Toon/FreeMobile' not found
WARNING: Shader Unsupported: 'GPUInstancer/MK/Toon/Free' - All subshaders removed
WARNING: Shader Did you use #pragma only_renderers and omit this platform?
WARNING: Shader If subshaders removal was intentional, you may have forgotten turning Fallback off?
WARNING: Shader Unsupported: 'GPUInstancer/MK/Toon/Free' - All subshaders removed
WARNING: Shader Did you use #pragma only_renderers and omit this platform?
WARNING: Shader If subshaders removal was intentional, you may have forgotten turning Fallback off?
Shader 'GPUInstancer/Lightbeam/Lightbeam Detail': fallback shader 'Lightbeam/Lightbeam' not found
WARNING: Shader Unsupported: 'GPUInstancer/Lightbeam/Lightbeam Detail' - All subshaders removed
WARNING: Shader Did you use #pragma only_renderers and omit this platform?
WARNING: Shader If subshaders removal was intentional, you may have forgotten turning Fallback off?
WARNING: Shader Unsupported: 'GPUInstancer/Lightbeam/Lightbeam Detail' - All subshaders removed
WARNING: Shader Did you use #pragma only_renderers and omit this platform?
WARNING: Shader If subshaders removal was intentional, you may have forgotten turning Fallback off?
Shader 'Lightbeam/Lightbeam Detail': fallback shader 'Lightbeam/Lightbeam' not found
Launched and connected shader compiler UnityShaderCompiler.exe after 0.06 seconds
Refreshing native plugins compatible for Editor in 5.28 ms, found 5 plugins.
Preloading 0 native plugins for Editor in 0.00 ms.
Unloading 6309 Unused Serialized files (Serialized files now loaded: 0)
System memory in use before: 498.6 MB.
System memory in use after: 494.2 MB.

Unloading 153 unused Assets to reduce memory usage. Loaded Objects now: 6915.
Total: 43.168400 ms (FindLiveObjects: 0.664800 ms CreateObjectMapping: 0.266200 ms MarkObjects: 39.090700 ms  DeleteObjects: 3.144400 ms)

AssetImportParameters requested are different than current active one (requested -> active):
  custom:framework-win-MediaFoundation: 216162199b28c13a410421893ffa2e32 -> 
  custom:video-decoder-ogg-theora: a1e56fd34408186e4bbccfd4996cb3dc -> 
  custom:container-muxer-webm: aa71ff27fc2769a1b78a27578f13a17b -> 
  custom:container-demuxer-webm: 4f35f7cbe854078d1ac9338744f61a02 -> 
  custom:container-demuxer-ogg: 62fdf1f143b41e24485cea50d1cbac27 -> 
  custom:video-encoder-webm-vp8: eb34c28f22e8b96e1ab97ce403110664 -> 
  custom:video-codec-MediaFoundation-h265: 746d11721c4dcdbdad8f713fa42b33f4 -> 
  custom:video-decoder-webm-vp8: 9c59270c3fd7afecdb556c50c9e8de78 -> 
  custom:audio-decoder-ogg-vorbis: bf7c407c2cedff20999df2af8eb42d56 -> 
  custom:audio-encoder-webm-vorbis: bf7c407c2cedff20999df2af8eb42d56 -> 
========================================================================
Received Import Request.
  path: Assets/3rd/MeshTerrainEditor/Plugins/Resources/Grass/Prototype_GrassStar.obj
  artifactKey: Guid(95ef26e11d36bd643b99aeea379d1d4e) Importer(815301076,1909f56bfc062723c751e8b465ee728b)
Start importing Assets/3rd/MeshTerrainEditor/Plugins/Resources/Grass/Prototype_GrassStar.obj using Guid(95ef26e11d36bd643b99aeea379d1d4e) Importer(815301076,1909f56bfc062723c751e8b465ee728b)  -> (artifact id: '1de0e7d37757e20625ecb3f0c52157aa') in 0.313737 seconds 
========================================================================
Received Import Request.
  Time since last request: 0.000290 seconds.
  path: Assets/icon.jpg
  artifactKey: Guid(6647a98958fcf1d4d834eb5389abddc6) Importer(815301076,1909f56bfc062723c751e8b465ee728b)
Start importing Assets/icon.jpg using Guid(6647a98958fcf1d4d834eb5389abddc6) Importer(815301076,1909f56bfc062723c751e8b465ee728b)  -> (artifact id: '7d5a246be1689669bc3a42820dbf6c2a') in 0.064918 seconds 
========================================================================
Received Import Request.
  Time since last request: 0.000328 seconds.
  path: Assets/Mods/SAMPLE
  artifactKey: Guid(c66857ad7d5e0094b8b867346f2f7752) Importer(815301076,1909f56bfc062723c751e8b465ee728b)
Start importing Assets/Mods/SAMPLE using Guid(c66857ad7d5e0094b8b867346f2f7752) Importer(815301076,1909f56bfc062723c751e8b465ee728b)  -> (artifact id: '9bb099c787d017b75806b0c0912badfb') in 0.014322 seconds 
========================================================================
Received Import Request.
  Time since last request: 0.000514 seconds.
  path: Assets/TapTapSlogan.png
  artifactKey: Guid(c7b362dda3864c44c9dc30ddc053d74e) Importer(815301076,1909f56bfc062723c751e8b465ee728b)
Start importing Assets/TapTapSlogan.png using Guid(c7b362dda3864c44c9dc30ddc053d74e) Importer(815301076,1909f56bfc062723c751e8b465ee728b)  -> (artifact id: '7068284238dc367c8e94d22f773a1fe1') in 0.078061 seconds 
========================================================================
Received Import Request.
  Time since last request: 0.000269 seconds.
  path: Assets/3rd/MeshTerrainEditor/Plugins/Resources/Grass/Prototype_GrassQuad.obj
  artifactKey: Guid(a691cc7ece3d97040879e0809c58b7da) Importer(815301076,1909f56bfc062723c751e8b465ee728b)
Start importing Assets/3rd/MeshTerrainEditor/Plugins/Resources/Grass/Prototype_GrassQuad.obj using Guid(a691cc7ece3d97040879e0809c58b7da) Importer(815301076,1909f56bfc062723c751e8b465ee728b)  -> (artifact id: '1d509ef234492fd026c3213522f4a182') in 0.044660 seconds 
========================================================================
Received Import Request.
  Time since last request: 1.759403 seconds.
  path: Assets/Mods/SAMPLE/bg.png
  artifactKey: Guid(729d4696e5caecb4481f263c5f84b2cc) Importer(815301076,1909f56bfc062723c751e8b465ee728b)
Start importing Assets/Mods/SAMPLE/bg.png using Guid(729d4696e5caecb4481f263c5f84b2cc) Importer(815301076,1909f56bfc062723c751e8b465ee728b)  -> (artifact id: 'b8645e85c4bbd9f49e1a54766fa9d25c') in 0.032498 seconds 
========================================================================
Received Import Request.
  Time since last request: 0.000257 seconds.
  path: Assets/Mods/SAMPLE/MainMenuBg.prefab
  artifactKey: Guid(1aa25cf4624ab4b438f2986aea8f07bf) Importer(815301076,1909f56bfc062723c751e8b465ee728b)
Start importing Assets/Mods/SAMPLE/MainMenuBg.prefab using Guid(1aa25cf4624ab4b438f2986aea8f07bf) Importer(815301076,1909f56bfc062723c751e8b465ee728b)  -> (artifact id: 'ed277638703b6aa782f67c7c81405686') in 0.041653 seconds 
========================================================================
Received Import Request.
  Time since last request: 0.000269 seconds.
  path: Assets/Mods/SAMPLE/ModSetting.asset
  artifactKey: Guid(3c4c864a58876d04e81f743f6a3f612d) Importer(815301076,1909f56bfc062723c751e8b465ee728b)
Start importing Assets/Mods/SAMPLE/ModSetting.asset using Guid(3c4c864a58876d04e81f743f6a3f612d) Importer(815301076,1909f56bfc062723c751e8b465ee728b)  -> (artifact id: 'd2b4720f007a2a68e5012184c1216abd') in 0.014939 seconds 
========================================================================
Received Import Request.
  Time since last request: 12.712408 seconds.
  path: Assets/Mods/SAMPLE/Animations
  artifactKey: Guid(6d8c6a3e6b26f5b42a96c65a29dd465a) Importer(815301076,1909f56bfc062723c751e8b465ee728b)
Start importing Assets/Mods/SAMPLE/Animations using Guid(6d8c6a3e6b26f5b42a96c65a29dd465a) Importer(815301076,1909f56bfc062723c751e8b465ee728b)  -> (artifact id: '9050cb334a0d7da89001b6b4671fe33b') in 0.009111 seconds 
========================================================================
Received Import Request.
  Time since last request: 30.213469 seconds.
  path: Assets/Resources/BattleboxBlock.prefab
  artifactKey: Guid(a0d6189d78dcd474bacf5d404fb88aff) Importer(815301076,1909f56bfc062723c751e8b465ee728b)
Start importing Assets/Resources/BattleboxBlock.prefab using Guid(a0d6189d78dcd474bacf5d404fb88aff) Importer(815301076,1909f56bfc062723c751e8b465ee728b)  -> (artifact id: '8435438cea0209b9622b3499354be76e') in 0.023897 seconds 
========================================================================
Received Import Request.
  Time since last request: 0.000241 seconds.
  path: Assets/Resources/GlobalAssetConfig.asset
  artifactKey: Guid(6e6e4aa39314c19478f16bee8bde21a5) Importer(815301076,1909f56bfc062723c751e8b465ee728b)
Start importing Assets/Resources/GlobalAssetConfig.asset using Guid(6e6e4aa39314c19478f16bee8bde21a5) Importer(815301076,1909f56bfc062723c751e8b465ee728b)  -> (artifact id: '98bb817b83fb06b4173b8312bb46929a') in 0.765663 seconds 
========================================================================
Received Import Request.
  Time since last request: 0.000368 seconds.
  path: Assets/Resources/DOTweenSettings.asset
  artifactKey: Guid(24b9f55df2ec94549870d0764d9bf8ea) Importer(815301076,1909f56bfc062723c751e8b465ee728b)
Start importing Assets/Resources/DOTweenSettings.asset using Guid(24b9f55df2ec94549870d0764d9bf8ea) Importer(815301076,1909f56bfc062723c751e8b465ee728b)  -> (artifact id: 'a20335f323edf83317aa90213cf9ac5d') in 0.011127 seconds 
========================================================================
Received Import Request.
  Time since last request: 0.000237 seconds.
  path: Assets/Resources/BattleboxBlock_mesh.asset
  artifactKey: Guid(477e0d6caf509e54e999d67f9f6704ad) Importer(815301076,1909f56bfc062723c751e8b465ee728b)
Start importing Assets/Resources/BattleboxBlock_mesh.asset using Guid(477e0d6caf509e54e999d67f9f6704ad) Importer(815301076,1909f56bfc062723c751e8b465ee728b)  -> (artifact id: 'acdca6b1e9e76dde88da946d52b5a7df') in 0.020606 seconds 
========================================================================
Received Import Request.
  Time since last request: 0.000249 seconds.
  path: Assets/Resources/RewiredInputManager.prefab
  artifactKey: Guid(c27ee2a635e0d3f46a89a54b0946db3e) Importer(815301076,1909f56bfc062723c751e8b465ee728b)
Start importing Assets/Resources/RewiredInputManager.prefab using Guid(c27ee2a635e0d3f46a89a54b0946db3e) Importer(815301076,1909f56bfc062723c751e8b465ee728b)  -> (artifact id: '661b27c51f1510219f5fe9ef4772cbd8') in 1.035584 seconds 
========================================================================
Received Import Request.
  Time since last request: 0.000247 seconds.
  path: Assets/Resources/icon.jpg
  artifactKey: Guid(d2e022dc12630eb478d6b24866fb04a1) Importer(815301076,1909f56bfc062723c751e8b465ee728b)
Start importing Assets/Resources/icon.jpg using Guid(d2e022dc12630eb478d6b24866fb04a1) Importer(815301076,1909f56bfc062723c751e8b465ee728b)  -> (artifact id: 'c3eab5d43fe202823bf5df8b9a4a3607') in 0.034889 seconds 
========================================================================
Received Import Request.
  Time since last request: 0.000275 seconds.
  path: Assets/Resources/MainCanvas.prefab
  artifactKey: Guid(ffcd3eafdbda21d4889a1f70d806ca56) Importer(815301076,1909f56bfc062723c751e8b465ee728b)
Start importing Assets/Resources/MainCanvas.prefab using Guid(ffcd3eafdbda21d4889a1f70d806ca56) Importer(815301076,1909f56bfc062723c751e8b465ee728b)  -> (artifact id: '1efd421b17eb746dc2222f9ea8ea52d9') in 0.029337 seconds 
========================================================================
Received Import Request.
  Time since last request: 0.000344 seconds.
  path: Assets/Resources/ModItem.prefab
  artifactKey: Guid(41d6273a5dd8eb14fb40ff4c338d888e) Importer(815301076,1909f56bfc062723c751e8b465ee728b)
Start importing Assets/Resources/ModItem.prefab using Guid(41d6273a5dd8eb14fb40ff4c338d888e) Importer(815301076,1909f56bfc062723c751e8b465ee728b)  -> (artifact id: '684672e925472faef68e9e33c18bbb6f') in 0.048971 seconds 
========================================================================
Received Import Request.
  Time since last request: 0.000255 seconds.
  path: Assets/Resources/DebugInfoManager.prefab
  artifactKey: Guid(767a6e9c2894e304986687e252642102) Importer(815301076,1909f56bfc062723c751e8b465ee728b)
Start importing Assets/Resources/DebugInfoManager.prefab using Guid(767a6e9c2894e304986687e252642102) Importer(815301076,1909f56bfc062723c751e8b465ee728b)  -> (artifact id: '74c89a26d1df227897a7a00dbfc68cf7') in 0.027852 seconds 
AssetImportWorkerClient::OnTransportError - code=2 error=End of file
